


ARM Macro Assembler    Page 1 


    1 00000000 40023830 
                       SYSCTL_RCCAHB1ENR_R
                               EQU              0x40023830
    2 00000000 40020800 
                       GPIOC_BASE
                               EQU              0x40020800
    3 00000000 40020800 
                       GPIOC_MODER
                               EQU              GPIOC_BASE
    4 00000000 40020805 
                       GPIOC_ODR
                               EQU              0x40020805
    5 00000000         
    6 00000000 00000004 
                       GPIOCEN EQU              1 << 2
    7 00000000         
    8 00000000 00000400 
                       MODER05_OUT
                               EQU              1 << 10
    9 00000000         
   10 00000000 00000020 
                       LED_GREEN
                               EQU              1 << 5
   11 00000000         
   12 00000000 00516155 
                       ONESEC  EQU              5333333
   13 00000000         
   14 00000000                 AREA             |.text|,CODE,READONLY,ALIGN=2
   15 00000000                 THUMB
   16 00000000                 EXPORT           __main
   17 00000000         
   18 00000000         __main
   19 00000000 F000 F802       BL               GPIOC_Init
   20 00000004 F000 F80C       BL               Blink
   21 00000008         
   22 00000008         GPIOC_Init
   23 00000008 480A            LDR              R0,=SYSCTL_RCCAHB1ENR_R
   24 0000000A 6801            LDR              R1,[R0]
   25 0000000C F041 0104       ORR              R1,GPIOCEN
   26 00000010 6001            STR              R1,[R0]
   27 00000012         
   28 00000012 4809            LDR              R0,=GPIOC_MODER
   29 00000014 F44F 6180       LDR              R1,=MODER05_OUT
   30 00000018 6001            STR              R1,[R0]
   31 0000001A F04F 0100       MOV              R1,#0
   32 0000001E 4A07            LDR              R2,=GPIOC_ODR
   33 00000020         
   34 00000020         Blink
   35 00000020 F240 0120       MOVW             R1,#LED_GREEN
   36 00000024 6011            STR              R1,[R2]
   37 00000026 4B06            LDR              R3,=ONESEC
   38 00000028 F000 F801       BL               Delay
   39 0000002C E7F8            B                Blink
   40 0000002E         
   41 0000002E         Delay
   42 0000002E 1E5B            SUBS             R3,R3,#1
   43 00000030 D1FD            BNE              Delay
   44 00000032 4770            BX               LR
   45 00000034                 ALIGN



ARM Macro Assembler    Page 2 


   46 00000034                 END
              40023830 
              40020800 
              40020805 
              00516155 
Command Line: --debug --xref --diag_suppress=9931 --cpu=Cortex-M4.fp --apcs=int
erwork --depend=.\objects\main.d -o.\objects\main.o -I.\RTE\_stm32f413 -ID:\Kei
l_v5\ARM\PACK\ARM\CMSIS\5.5.1\CMSIS\Core\Include -ID:\Keil_v5\ARM\PACK\Keil\STM
32F4xx_DFP\2.13.0\Drivers\CMSIS\Device\ST\STM32F4xx\Include --predefine="__EVAL
 SETA 1" --predefine="__UVISION_VERSION SETA 523" --predefine="_RTE_ SETA 1" --
predefine="STM32F413xx SETA 1" --list=.\listings\main.lst main.s



ARM Macro Assembler    Page 1 Alphabetic symbol ordering
Relocatable symbols

.text 00000000

Symbol: .text
   Definitions
      At line 14 in file main.s
   Uses
      None
Comment: .text unused
Blink 00000020

Symbol: Blink
   Definitions
      At line 34 in file main.s
   Uses
      At line 20 in file main.s
      At line 39 in file main.s

Delay 0000002E

Symbol: Delay
   Definitions
      At line 41 in file main.s
   Uses
      At line 38 in file main.s
      At line 43 in file main.s

GPIOC_Init 00000008

Symbol: GPIOC_Init
   Definitions
      At line 22 in file main.s
   Uses
      At line 19 in file main.s
Comment: GPIOC_Init used once
__main 00000000

Symbol: __main
   Definitions
      At line 18 in file main.s
   Uses
      At line 16 in file main.s
Comment: __main used once
5 symbols



ARM Macro Assembler    Page 1 Alphabetic symbol ordering
Absolute symbols

GPIOCEN 00000004

Symbol: GPIOCEN
   Definitions
      At line 6 in file main.s
   Uses
      At line 25 in file main.s
Comment: GPIOCEN used once
GPIOC_BASE 40020800

Symbol: GPIOC_BASE
   Definitions
      At line 2 in file main.s
   Uses
      At line 3 in file main.s
Comment: GPIOC_BASE used once
GPIOC_MODER 40020800

Symbol: GPIOC_MODER
   Definitions
      At line 3 in file main.s
   Uses
      At line 28 in file main.s
Comment: GPIOC_MODER used once
GPIOC_ODR 40020805

Symbol: GPIOC_ODR
   Definitions
      At line 4 in file main.s
   Uses
      At line 32 in file main.s
Comment: GPIOC_ODR used once
LED_GREEN 00000020

Symbol: LED_GREEN
   Definitions
      At line 10 in file main.s
   Uses
      At line 35 in file main.s
Comment: LED_GREEN used once
MODER05_OUT 00000400

Symbol: MODER05_OUT
   Definitions
      At line 8 in file main.s
   Uses
      At line 29 in file main.s
Comment: MODER05_OUT used once
ONESEC 00516155

Symbol: ONESEC
   Definitions
      At line 12 in file main.s
   Uses
      At line 37 in file main.s
Comment: ONESEC used once
SYSCTL_RCCAHB1ENR_R 40023830

Symbol: SYSCTL_RCCAHB1ENR_R



ARM Macro Assembler    Page 2 Alphabetic symbol ordering
Absolute symbols

   Definitions
      At line 1 in file main.s
   Uses
      At line 23 in file main.s
Comment: SYSCTL_RCCAHB1ENR_R used once
8 symbols
350 symbols in table
